
xwininfo: Window id: 0x114 (the root window) "i3"

  Root window id: 0x114 (the root window) "i3"
  Parent window id: 0x0 (none)
     83 children:
     0x220005d (has no name): ()  88x29+589+105  +589+105
        1 child:
        0x26003b0 (has no name): ()  88x29+0+0  +589+105
     0x3400009 (has no name): ()  1x1+-1+-1  +-1+-1
     0x1e00223 (has no name): ()  1x1+-1+-1  +-1+-1
     0x4c0004a "Chromium clipboard": ()  10x10+-100+-100  +-100+-100
     0x4e00006 (has no name): ()  1x1+0+0  +0+0
     0x4c0003f "Code": ("code" "Code")  800x600+560+240  +560+240
        1 child:
        0x4e00012 (has no name): ()  800x600+0+0  +560+240
     0x4c00039 (has no name): ()  1x1+0+0  +0+0
     0x5600001 (has no name): ()  1x1+0+0  +0+0
     0x4800003 "code": ("code" "Code")  200x200+0+0  +0+0
        1 child:
        0x4800004 (has no name): ()  1x1+-1+-1  +-1+-1
     0x4800001 "code": ("code" "Code")  10x10+10+10  +10+10
        1 child:
        0x4800002 (has no name): ()  1x1+-1+-1  +9+9
     0x4a00021 (has no name): ()  78x29+131+273  +131+273
        1 child:
        0x3200027 (has no name): ()  78x29+0+0  +131+273
     0x4a00018 "Chromium clipboard": ()  10x10+-100+-100  +-100+-100
     0x4a00006 "Atom": ("atom" "Atom")  800x600+560+240  +560+240
        1 child:
        0x3200012 (has no name): ()  800x600+0+0  +560+240
     0x4a00005 (has no name): ()  1x1+0+0  +0+0
     0x3200006 (has no name): ()  1x1+0+0  +0+0
     0x3600001 (has no name): ()  1x1+0+0  +0+0
     0x3400001 "electron": ("electron" "Electron")  10x10+10+10  +10+10
     0x2000003 (has no name): ()  1x1+-1+-1  +-1+-1
     0x2e0014a (has no name): ("emacs" "Emacs")  28x48+0+0  +0+0
        1 child:
        0x2e0014b (has no name): ()  1x1+-1+-1  +-1+-1
     0x2e0012b (has no name): ()  1x1+-1+-1  +-1+-1
     0x2e00001 "emacs": ("emacs" "Emacs")  10x10+10+10  +10+10
     0x220001b "Chromium clipboard": ()  10x10+-100+-100  +-100+-100
     0x2600006 (has no name): ()  1x1+0+0  +0+0
     0x2200005 (has no name): ()  1x1+0+0  +0+0
     0x2800001 (has no name): ()  1x1+0+0  +0+0
     0x2000001 "google-chrome": ("google-chrome" "Google-chrome")  10x10+10+10  +10+10
     0x3c00005 "Slack - Itera Norge": ("slack" "Slack")  1914x1055+0+0  +0+0
        1 child:
        0x4000012 (has no name): ()  1914x1055+0+0  +0+0
     0x1c0000c (has no name): ()  1x1+-1+-1  +-1+-1
     0x6000c0 (has no name): ("i3-frame" "i3-frame")  10x10+-15+-15  +-15+-15
     0x600bd0 "[i3 con] container around 0x55d2aa1b7360": ("i3-frame" "i3-frame")  1920x1061+0+19  +0+19
        1 child:
        0x5a00022 "xterm": ("xterm" "XTerm")  1912x1053+3+3  +3+22
           1 child:
           0x5a00033 (has no name): ()  1912x1053+0+0  +4+23
     0x6006ae "[i3 con] workspace 2": ("i3-frame" "i3-frame")  10x10+-15+-15  +-15+-15
     0x6000be (has no name): ("i3-frame" "i3-frame")  10x10+-15+-15  +-15+-15
     0x60016f "[i3 con] container around 0x55d2aa198020": ("i3-frame" "i3-frame")  1920x19+0+0  +0+0
        1 child:
        0x1c00006 "i3bar for output eDP1": ("i3bar" "i3bar")  1920x19+0+0  +0+0
           1 child:
           0x1e00181 "slack": ("slack" "Slack")  15x15+1903+2  +1903+2
              1 child:
              0x1e00182 (has no name): ()  1x1+-1+-1  +1902+1
     0x60007b (has no name): ("i3-frame" "i3-frame")  10x10+-15+-15  +-15+-15
     0x6006d5 "[i3 con] container around 0x55d2aa176de0": ("i3-frame" "i3-frame")  1920x297+0+783  +0+783
        1 child:
        0x2c00022 "xterm": ("xterm" "XTerm")  1912x289+3+3  +3+786
           1 child:
           0x2c00033 (has no name): ()  1912x289+0+0  +4+787
     0x6006df (has no name): ("i3-frame" "i3-frame")  10x10+-15+-15  +-15+-15
     0x6006da "[i3 con] container around 0x55d2aa1b6eb0": ("i3-frame" "i3-frame")  1920x764+0+19  +0+19
        1 child:
        0x2e0011f "emacs@havard-latitude": ("emacs" "Emacs")  1914x758+3+3  +3+22
           2 children:
           0x2e00123 (has no name): ()  1914x758+0+0  +3+22
              1 child:
              0x2e01758 (has no name): ()  32000x32000+0+0  +3+22
           0x2e00120 (has no name): ()  1x1+-1+-1  +2+21
     0x6006cf "[i3 con] workspace 3": ("i3-frame" "i3-frame")  10x10+-15+-15  +-15+-15
     0x6009ad "[i3 con] container around 0x55d2aa199b80": ("i3-frame" "i3-frame")  1361x1061+559+19  +559+19
        1 child:
        0x220005c "node-xwininfo/package.json at master · ashaffer/node-xwininfo - Google Chrome": ("google-chrome" "Google-chrome")  1355x1055+3+3  +562+22
           1 child:
           0x26003a2 (has no name): ()  1355x1055+0+0  +562+22
     0x6009ab "[i3 con] container around 0x55d2aa176f80": ("i3-frame" "i3-frame")  559x1061+0+19  +0+19
        1 child:
        0x4a00001 "http.js — ~/dev/workflow/packages/workflow-server — Atom": ("atom" "Atom")  553x1055+3+3  +3+22
           1 child:
           0x320000c (has no name): ()  553x1055+0+0  +3+22
     0x6009af (has no name): ("i3-frame" "i3-frame")  1920x18+0+19  +0+19
     0x6009a7 "[i3 con] workspace workflow-server-demo": ("i3-frame" "i3-frame")  10x10+-15+-15  +-15+-15
     0x600759 "[i3 con] container around 0x55d2aa1a2400": ("i3-frame" "i3-frame")  1920x1061+0+19  +0+19
        1 child:
        0x3000022 "xterm": ("xterm" "XTerm")  1912x1053+3+3  +3+22
           1 child:
           0x3000033 (has no name): ()  1912x1053+0+0  +4+23
     0x600753 "[i3 con] workspace 5": ("i3-frame" "i3-frame")  10x10+-15+-15  +-15+-15
     0x60072a "[i3 con] container around 0x55d2aa1b4910": ("i3-frame" "i3-frame")  1920x1061+0+19  +0+19
        1 child:
        0x2a00022 "xterm": ("xterm" "XTerm")  1912x1053+3+3  +3+22
           1 child:
           0x2a00033 (has no name): ()  1912x1053+0+0  +4+23
     0x600724 "[i3 con] workspace 4": ("i3-frame" "i3-frame")  10x10+-15+-15  +-15+-15
     0x6006aa "[i3 con] container around 0x55d2aa19de60": ("i3-frame" "i3-frame")  1920x1061+0+19  +0+19
        1 child:
        0xe00022 "xterm": ("xterm" "XTerm")  1912x1053+3+3  +3+22
           1 child:
           0xe00033 (has no name): ()  1912x1053+0+0  +4+23
     0x600080 (has no name): ("i3-frame" "i3-frame")  10x10+-15+-15  +-15+-15
     0x6009d9 "[i3 con] container around 0x55d2aa199900": ("i3-frame" "i3-frame")  960x1061+960+19  +960+19
        1 child:
        0x4c00001 "script.sh — tmp-30630DeXzS51JGG8l — Visual Studio Code": ("code" "Code")  954x1055+3+3  +963+22
           1 child:
           0x4e0000c (has no name): ()  954x1055+0+0  +963+22
     0x6009db "[i3 con] container around 0x55d2aa1bbc20": ("i3-frame" "i3-frame")  960x1061+0+19  +0+19
        1 child:
        0x4400022 "undefined ": ("xterm" "XTerm")  952x1053+3+3  +3+22
           1 child:
           0x4400033 (has no name): ()  952x1053+0+0  +4+23
     0x6009dd (has no name): ("i3-frame" "i3-frame")  1920x18+0+19  +0+19
     0x6009d5 "[i3 con] workspace tmp-script": ("i3-frame" "i3-frame")  10x10+-15+-15  +-15+-15
     0x6000c4 (has no name): ("i3-frame" "i3-frame")  10x10+-15+-15  +-15+-15
     0x6000c2 "[i3 con] output eDP1": ("i3-frame" "i3-frame")  10x10+-15+-15  +-15+-15
     0x600079 (has no name): ("i3-frame" "i3-frame")  10x10+-15+-15  +-15+-15
     0x600077 (has no name): ("i3-frame" "i3-frame")  10x10+-15+-15  +-15+-15
     0x600075 (has no name): ("i3-frame" "i3-frame")  10x10+-15+-15  +-15+-15
     0x600073 (has no name): ("i3-frame" "i3-frame")  10x10+-15+-15  +-15+-15
     0x600071 "[i3 con] container around 0x55d2aa1b5510": ("i3-frame" "i3-frame")  960x810+480+144  +480+144
        1 child:
        0x1600001 "Spotify": ("spotify" "Spotify")  954x804+3+3  +483+147
           1 child:
           0x1600002 (has no name): ()  954x804+0+0  +483+147
              1 child:
              0x1800009 (has no name): ()  954x804+0+0  +483+147
     0x60006e (has no name): ("i3-frame" "i3-frame")  10x10+-15+-15  +-15+-15
     0x60006c "[i3 con] container around 0x55d2aa1b7120": ("i3-frame" "i3-frame")  960x810+480+144  +480+144
        1 child:
        0xc00003 "Volume Control": ("pavucontrol" "Pavucontrol")  954x804+3+3  +483+147
           1 child:
           0xc00004 (has no name): ()  1x1+-1+-1  +482+146
     0x600069 (has no name): ("i3-frame" "i3-frame")  10x10+-15+-15  +-15+-15
     0x600067 "[i3 con] container around 0x55d2aa1bca00": ("i3-frame" "i3-frame")  960x810+480+144  +480+144
        1 child:
        0x1000003 "Volume Control": ("pavucontrol" "Pavucontrol")  954x804+3+3  +483+147
           1 child:
           0x1000004 (has no name): ()  1x1+-1+-1  +482+146
     0x600064 (has no name): ("i3-frame" "i3-frame")  10x10+-15+-15  +-15+-15
     0x4600001 "Dunst": ("Dunst" "Dunst")  300x78+1605+49  +1605+49
     0x3c0001b (has no name): ()  162x29+914+895  +914+895
        1 child:
        0x4000040 (has no name): ()  162x29+0+0  +914+895
     0x1e00069 "slack": ("slack" "Slack")  200x200+0+0  +0+0
        1 child:
        0x1e0006a (has no name): ()  1x1+-1+-1  +-1+-1
     0x3c00019 "Chromium clipboard": ()  10x10+-100+-100  +-100+-100
     0x3c00006 (has no name): ()  1x1+0+0  +0+0
     0x4000006 (has no name): ()  1x1+0+0  +0+0
     0x4200001 (has no name): ()  1x1+0+0  +0+0
     0x1e0001c "slack": ("slack" "Slack")  200x200+0+0  +0+0
        1 child:
        0x1e0001d (has no name): ()  1x1+-1+-1  +-1+-1
     0x1e00003 "slack": ("slack" "Slack")  200x200+0+0  +0+0
        1 child:
        0x1e00004 (has no name): ()  1x1+-1+-1  +-1+-1
     0x1e00001 "slack": ("slack" "Slack")  10x10+10+10  +10+10
        1 child:
        0x1e00002 (has no name): ()  1x1+-1+-1  +9+9
     0x4600003 (has no name): ()  1x1+-1+-1  +-1+-1
     0x1800003 (has no name): ()  1x1+0+0  +0+0
     0xc00009 (has no name): ()  1x1+-1+-1  +-1+-1
     0x1000009 (has no name): ()  1x1+-1+-1  +-1+-1
     0x1a00001 (has no name): ()  1x1+0+0  +0+0
     0x1200001 "spotify": ("spotify" "Spotify")  10x10+10+10  +10+10
        1 child:
        0x1200002 (has no name): ()  1x1+-1+-1  +9+9
     0x1000001 "pavucontrol": ("pavucontrol" "Pavucontrol")  10x10+10+10  +10+10
     0xc00001 "pavucontrol": ("pavucontrol" "Pavucontrol")  10x10+10+10  +10+10
     0x600063 "i3": ()  1x1+-1+-1  +-1+-1

